[Mon, 09 Apr 18 00:55:14 +0700][ERROR] [2]: EditController handler class cannot be loaded

[Mon, 09 Apr 18 00:57:33 +0700][ERROR] [2]: EditController handler class cannot be loaded

[Mon, 09 Apr 18 00:57:39 +0700][ERROR] [2]: EditController handler class cannot be loaded

[Mon, 09 Apr 18 00:57:59 +0700][ERROR] [2]: EditController handler class cannot be loaded

[Mon, 09 Apr 18 00:58:31 +0700][ERROR] [2]: EditController handler class cannot be loaded

[Mon, 09 Apr 18 01:13:01 +0700][ERROR] [2]: ImgController handler class cannot be loaded

[Mon, 09 Apr 18 01:13:26 +0700][ERROR] [2]: ImgController handler class cannot be loaded

[Mon, 09 Apr 18 01:13:28 +0700][ERROR] [2]: ImgController handler class cannot be loaded

[Mon, 09 Apr 18 01:34:23 +0700][ERROR] [2]: VendorController handler class cannot be loaded

[Mon, 09 Apr 18 01:34:41 +0700][ERROR] [2]: VendorController handler class cannot be loaded

[Mon, 09 Apr 18 01:37:47 +0700][ERROR] [2]: VendorController handler class cannot be loaded

[Mon, 09 Apr 18 01:37:47 +0700][ERROR] [2]: VendorController handler class cannot be loaded

[Mon, 09 Apr 18 01:38:03 +0700][ERROR] [2]: VendorController handler class cannot be loaded

[Mon, 09 Apr 18 01:38:57 +0700][ERROR] [2]: JsController handler class cannot be loaded

[Mon, 09 Apr 18 01:38:57 +0700][ERROR] [2]: JsController handler class cannot be loaded

[Mon, 09 Apr 18 01:42:14 +0700][ERROR] [2]: VendorController handler class cannot be loaded

[Mon, 09 Apr 18 01:42:14 +0700][ERROR] [2]: VendorController handler class cannot be loaded

[Mon, 09 Apr 18 01:42:15 +0700][ERROR] [2]: VendorController handler class cannot be loaded

[Mon, 09 Apr 18 01:42:15 +0700][ERROR] [2]: VendorController handler class cannot be loaded

[Mon, 09 Apr 18 01:42:17 +0700][ERROR] [2]: VendorController handler class cannot be loaded

[Mon, 09 Apr 18 01:42:17 +0700][ERROR] [2]: VendorController handler class cannot be loaded

[Mon, 09 Apr 18 09:59:06 +0700][ERROR] [2]: CssController handler class cannot be loaded

[Mon, 09 Apr 18 09:59:07 +0700][ERROR] [2]: CssController handler class cannot be loaded

[Mon, 09 Apr 18 10:16:25 +0700][ERROR] [5]: Action 'yrmp' was not found on handler 'authen'

[Mon, 09 Apr 18 10:16:29 +0700][ERROR] [5]: Action 'temp' was not found on handler 'authen'

[Mon, 09 Apr 18 10:16:31 +0700][ERROR] [5]: Action 'temp' was not found on handler 'authen'

[Mon, 09 Apr 18 10:16:37 +0700][ERROR] [2]: TempController handler class cannot be loaded

[Mon, 09 Apr 18 10:17:13 +0700][ERROR] [2]: TempController handler class cannot be loaded

[Mon, 09 Apr 18 10:17:14 +0700][ERROR] [2]: TempController handler class cannot be loaded

[Mon, 09 Apr 18 10:17:16 +0700][ERROR] [2]: TempController handler class cannot be loaded

